[2023-10-10T21:25:09.160578+00:00] commande.INFO: Commande 112e7ee1-3e8d-37d6-89cf-be3318ad6368 validée [] []
[2023-10-10T21:25:41.409911+00:00] commande.INFO: Commande 112e7ee1-3e8d-37d6-89cf-be3318ad6368 validée [] []
[2023-10-10T21:29:44.245424+00:00] commande.INFO: Commande 9b5e8d97-2be9-3c2a-a33f-86305746f1e0 validée [] []
[2023-10-19T15:54:45.017821+00:00] commande.INFO: Commande 65315143a7086 créée [] []
[2023-10-20T08:32:38.812663+00:00] commande.INFO: Commande 65323b2255009 créée [] []
[2023-10-20T08:34:30.202187+00:00] commande.INFO: Commande 65323b93b1c12 créée [] []
[2023-10-20T08:36:04.959281+00:00] commande.INFO: Commande 65323bf265bc6 créée [] []
[2023-10-20T08:36:47.960922+00:00] commande.INFO: Commande 65323c1dbc4f2 créée [] []
[2023-10-20T08:37:38.840820+00:00] commande.INFO: Commande 65323c518d062 créée [] []
[2023-10-20T08:39:52.743146+00:00] commande.INFO: Commande 65323cd697dc8 créée [] []
[2023-10-20T08:40:26.490773+00:00] commande.INFO: Commande 65323cf8870f6 créée [] []
[2023-10-20T08:41:03.444548+00:00] commande.INFO: Commande 65323d1ddf678 créée [] []
[2023-10-20T08:42:09.995023+00:00] commande.INFO: Commande 65323d6023fc1 créée [] []
[2023-10-20T08:43:58.618201+00:00] commande.INFO: Commande 65323dcc157be créée [] []
[2023-10-20T08:44:12.821355+00:00] commande.INFO: Commande 65323ddb0b862 créée [] []
[2023-10-20T08:44:58.240142+00:00] commande.INFO: Commande 65323e08608f0 créée [] []
[2023-10-20T08:45:45.047429+00:00] commande.INFO: Commande 65323e37c631b créée [] []
[2023-10-20T08:48:57.019713+00:00] commande.INFO: Commande 65323ef71f496 créée [] []
[2023-10-20T08:49:28.533746+00:00] commande.INFO: Commande 65323f16c40ba créée [] []
[2023-10-20T09:21:11.003976+00:00] commande.INFO: Commande 65324685a7101 créée [] []
[2023-10-20T09:21:29.058959+00:00] commande.INFO: Commande 65324697c01b3 créée [] []
[2023-10-20T09:21:57.916822+00:00] commande.INFO: Commande 653246b4d42d3 créée [] []
[2023-10-20T09:37:31.691325+00:00] commande.INFO: Commande 65324a5a3980c créée [] []
[2023-10-20T09:38:56.792187+00:00] commande.INFO: Commande 65324aaf66773 créée [] []
[2023-10-20T09:39:50.167863+00:00] commande.INFO: Commande 65324aaf66773 validée [] []
[2023-10-20T12:00:59.847322+00:00] commande.INFO: Commande 65326bf99b88c créée [] []
[2023-10-20T12:24:11.638519+00:00] commande.INFO: Commande 65327165bf737 créée [] []
[2023-10-20T12:25:10.688685+00:00] commande.INFO: Commande 653271a26bd2a créée [] []
[2023-11-06T21:16:53.447955+00:00] commande.INFO: Commande 654957c1ba041 créée [] []
[2023-11-06T21:26:52.081966+00:00] commande.INFO: Commande 65495a1aad5c2 créée [] []
[2023-11-06T21:28:35.420768+00:00] commande.INFO: Commande 65495a824e5f4 créée [] []
[2023-11-10T19:44:45.074049+00:00] commande.INFO: Commande cae8c7f5-826b-49f3-93dd-653ba69161af créée [] []
[2023-11-10T19:45:50.106227+00:00] commande.INFO: Commande 9cde9223-a3fd-413a-9479-5fa9bf068d07 créée [] []
[2023-11-10T19:46:40.238348+00:00] commande.INFO: Commande ed8f0b11-04a8-4f39-bcd6-2eef677d60c9 créée [] []
[2023-11-10T20:50:28.754417+00:00] commande.INFO: Commande 515f0144-4d17-4396-81c9-943a3d602b4a créée [] []
[2023-11-10T20:52:02.550950+00:00] commande.INFO: Commande b2bd280a-73d7-4e75-a25c-e09bd33519a5 créée [] []
[2023-11-10T20:52:46.623183+00:00] commande.INFO: Commande 1e990100-64c7-432f-87d8-a0eff04df15b créée [] []
[2023-11-10T20:53:39.562084+00:00] commande.INFO: Commande a825d7d5-4d78-479f-8108-c0d632c3d4c5 créée [] []
[2023-11-10T20:54:11.800588+00:00] commande.INFO: Commande 24f25e30-09aa-443a-8e07-b5395d500a1b créée [] []
[2023-11-10T20:54:32.873909+00:00] commande.INFO: Commande 1c276b42-a63e-4779-9fbb-5e2a67e833c3 créée [] []
[2023-11-10T20:54:43.750134+00:00] commande.INFO: Commande 9406fd71-1873-4e63-81e3-98e8897302ed créée [] []
[2023-11-10T20:54:53.813475+00:00] commande.INFO: Commande 6a5715b6-6475-4b54-b940-165d737e9519 créée [] []
[2023-11-10T20:55:15.064987+00:00] commande.INFO: Commande 22b9af2e-9f1c-4ad8-a6d3-0e509153a565 créée [] []
[2023-11-10T20:55:34.414113+00:00] commande.INFO: Commande 41b3c07d-c79c-4baa-80c8-858817c30cef créée [] []
[2023-11-10T20:56:06.944766+00:00] commande.INFO: Commande af814cfb-cb18-4555-89f1-0cf2e756da42 créée [] []
[2023-11-10T21:54:21.060028+00:00] commande.INFO: Commande 24f365f1-bcff-4788-b153-bd5a5d373737 créée [] []
[2023-11-10T21:54:31.276574+00:00] commande.INFO: Commande 011e4916-b29b-4c81-bd2c-86226d603477 créée [] []
[2023-11-10T22:00:47.395044+00:00] commande.INFO: Commande fada847c-e9c9-4d4b-92df-afe333b1a4d6 créée [] []
[2023-11-15T19:34:30.381657+00:00] commande.INFO: Commande d776b42b-cdf3-49c6-883a-d274c85915bf créée [] []
[2023-11-15T19:37:18.680955+00:00] commande.INFO: Commande 0131f182-0073-4a79-a67d-2742aa20c94d créée [] []
[2023-11-15T19:37:59.748377+00:00] commande.INFO: Commande 5e892786-35c6-4d1b-9dc3-481ea2bd3b64 créée [] []
[2023-11-15T19:39:47.061984+00:00] commande.INFO: Commande 3c07f6ba-38c6-48ea-8af5-328513705ee9 créée [] []
[2024-01-06T15:45:53.477998+00:00] commande.INFO: Commande 112e7ee1-3e8d-37d6-89cf-be3318ad6368 validée [] []
[2024-01-06T15:46:52.069398+00:00] commande.INFO: Commande 9b5e8d97-2be9-3c2a-a33f-86305746f1e0 validée [] []
[2024-01-07T21:10:16.582383+00:00] commande.INFO: Commande 20b3d325-fc62-4a15-95d9-56ff81cb0a48 créée [] []
[2024-01-08T19:36:14.728361+00:00] commande.INFO: Commande a46a363e-9599-42c2-811a-ae578d8ac92b créée [] []
[2024-01-08T20:30:20.492651+00:00] commande.INFO: Commande e78aa1f7-e23b-4250-a1e1-7266ed5ddbfb créée [] []
[2024-01-08T20:31:03.419538+00:00] commande.INFO: Commande 1744a6d2-c8b0-4135-a0eb-ad6c7eae4c00 créée [] []
[2024-01-08T20:48:09.315765+00:00] commande.INFO: Commande 000f984e-8d09-40d0-90a0-100aba8e7749 validée [] []
[2024-01-08T21:25:54.324794+00:00] commande.INFO: Commande a750d87a-ecdd-400d-b25f-d790e70e6367 créée [] []
[2024-01-08T21:47:13.621491+00:00] commande.INFO: Commande 2c099598-ea73-4f7e-97bc-fae148e7fe22 créée [] []
[2024-01-08T21:47:48.938239+00:00] commande.INFO: Commande 4d03733f-a475-4929-83af-f66764f4063b créée [] []
[2024-01-08T21:48:40.615037+00:00] commande.INFO: Commande 5b0cb406-48b3-4527-aa18-1978e95d8f18 créée [] []
[2024-01-08T21:48:55.182506+00:00] commande.INFO: Commande 1a66f133-2915-4006-aedf-458f104a5d48 créée [] []
[2024-01-09T16:51:06.195147+00:00] commande.INFO: Commande eedeea63-4032-3b84-af42-3c257d5c3c33 validée [] []
[2024-01-13T20:24:05.482489+00:00] commande.INFO: Commande 28c1f7f1-14a8-495a-a828-fd41272c4489 créée [] []
[2024-01-13T20:25:06.659551+00:00] commande.INFO: Commande 2d18a72c-27bd-4dc2-b7ae-4567cb36e154 créée [] []
